********************************************************************************
Product   : Virtuoso(R) XStream Out
Program   : @(#)$CDS: strmout version 6.1.6-64b 12/07/2015 20:15 (sjfnl008) $
          : sub-version  IC6.1.6-64b.500.14 
Started at: 14-Apr-2016  15:00:54
User Name : pancha
Host Name : s1632.it.kth.se
Directory : /home/pancha/ProjGe3D/lf150
CADENCE Design Systems, Inc.
********************************************************************************
Info: Cellview Rev Num:99,  Tech Rev Num:59

WARNING (XSTRM-20): Output Stream file '/home/pancha/ProjGe3D/lf150/DRCruns/inverter.gds' already exists. It will be overwritten.
INFO (XSTRM-288): The automatic layer mapping is done by StreamOut and the xStrmOut_layerMap.txt file is generated. This is because either the layer mapping is not provided or the XST_AUTO_LM value is used with the -layerMap option.
INFO (XSTRM-162): You have not used the viaMap option. If the OpenAccess design has native oaVia instances, use the -viaMap option for preserving oaVia instances in a Stream Out - Stream In round trip. Using the -viaMap option improves performance and VM usage of applications using the Streamed-In design.  For details on the viaMap option, refer to the "Design Data Translator's Reference" guide for XStream.

Summary of Options :
library                                 cdnlive2016
strmFile                                /home/pancha/ProjGe3D/lf150/DRCruns/inverter.gds
topCell                                 inverter
view                                    layout
runDir                                  /home/pancha/ProjGe3D/lf150/DRCruns
logFile                                 /home/pancha/ProjGe3D/lf150/DRCruns/PIPO1.LOG
techLib                                 lf150_techLib
hierDepth                               32
maxVertices                             2048
userSkillFile                           /home/pancha/ProjGe3D/lf150/DRCruns/strmout.il
labelDepth                              32
case                                    Preserve
convertDot                              node

INFO (XSTRM-223): 1. Translating cellView lf150_techLib/M2_M3/layout as STRUCTURE M2_M3$$1
INFO (XSTRM-223): 2. Translating cellView lf150_techLib/M3_M4/layout as STRUCTURE M3_M4$$2
INFO (XSTRM-223): 3. Translating cellView lf150_techLib/M1_M2/layout as STRUCTURE M1_M2$$3
INFO (XSTRM-223): 4. Translating cellView lf150_techLib/M4_M5/layout as STRUCTURE M4_M5$$4
INFO (XSTRM-223): 5. Translating cellView lf150_techLib/M5_M1_top/layout as STRUCTURE M5_M1_top$$5
INFO (XSTRM-223): 6. Translating cellView lf150_techLib/AbutContact/layout as STRUCTURE AbutContact$$7
INFO (XSTRM-223): 7. Translating cellView lf150/pmos_hs_4/layout as STRUCTURE pmos_hs_4$$6
INFO (XSTRM-223): 8. Translating cellView lf150_top/nmos_hs_4_top/layout as STRUCTURE nmos_hs_4_top$$8
INFO (XSTRM-223): 9. Translating cellView cdnlive2016/inverter/layout as STRUCTURE inverter
INFO (XSTRM-180): You have not used the objectMap option. The design has instance(s) of at least one of following OpenAccess objects: oaBlockage, oaBoundary, oaRow, and oaMarker. Any information about these objects will not be translated into the generated stream file. Use the objectMap option to translate/preserve these objects using XStream. For details on the objectMap option, refer to the "Design Data Translator's Reference" guide for XStream.

Summary of Objects Translated:
	Scalar Instances:                       3
	Array Instances:                        0
	Polygons:                               0
	Paths:                                  0
	Rectangles:                             89
	Lines:                                  0
	Arcs:                                   0
	Donuts:                                 0
	Dots:                                   0
	Ellipses:                               0
	Boundaries:                             0
	Area Blockages:                         0
	Layer Blockages:                        0
	Area Halos:                             0
	Markers:                                0
	Rows:                                   0
	Standard Vias                           10
	Custom Vias:                            0
	CdsGen Vias:                            0
	Pathsegs:                               0
	Text:                                   4
	TextDisplay:                            0
	Cells:                                  9

Elapsed Time: 0.7s   User Time: 0.5s   CPU Time: 0.1s   Peak VM: 13888KB
INFO (XSTRM-234): Translation completed. '0' error(s) and '1' warning(s) found.
