*Info*    Exporting services from client ... 

*Info*    Client has finished starting ... 



*Info*    Configuring the session ...

	Library      = RF_FrontEnd
	Cell         = Tia4_biasing_8
	View         = schematic
	Simulator    = spectre
	State Path   = $AXL_SETUPDB_DIR/test_states
	State Name   = RF_FrontEnd:Tia4_biasing_8:1_spectre_state1_Interactive.1
	Results DB   = /home/pancha/ProjGe3D/lf150/RF_FrontEnd/Tia4_biasing_8/adexl/results/data/Interactive.1.rdb
	Results Dir  = /home/pancha/simulation/RF_FrontEnd/Tia4_biasing_8/adexl/results/data/Interactive.1/1/RF_FrontEnd:Tia4_biasing_8:1
	Results Loc  = /home/pancha/simulation/RF_FrontEnd/Tia4_biasing_8/adexl/results/data
	Project Dir  = /home/pancha/simulation
	Setup DB loc = /home/pancha/ProjGe3D/lf150/RF_FrontEnd/Tia4_biasing_8/adexl
	File Encoding = 0


*Info*    Spectre controlMode is set "batch".






*Info*    Run start for Point ID (7 1) on testbench [
          RF_FrontEnd:Tia4_biasing_8:1 ].

Resetting statistical vars

*Info*    Setting parameter values ...

Setting var Cdecap = "3.55p"
Setting var Cload = "2p"
Setting var Cph = "2.47p"
Setting var Freq = "2M"
Setting var ID1 = "30u"
Setting var ID2 = "120u"
Setting var Ipeak = "0"
Setting var L1 = "1u"
Setting var Lp2 = "500n"
Setting var R1 = "2.7K"
Setting var Rph = "1K"
Setting var VDD = "1.8"
Setting var Wn1 = "10u"
Setting var Wp1 = "10u"
Setting var Wp2 = "20u"
Setting temp(T) = 27
Setting var vgsn1 = "291m"
Setting var vgsp2 = "685m"

*Info*    Netlist Directory =
          /home/pancha/simulation/RF_FrontEnd/Tia4_biasing_8/adexl/results/data/Interactive.1/1/RF_FrontEnd:Tia4_biasing_8:1/netlist


*Info*    Data Directory    =
          /home/pancha/simulation/RF_FrontEnd/Tia4_biasing_8/adexl/results/data/Interactive.1/1/RF_FrontEnd:Tia4_biasing_8:1


*Info*    Creating Netlist for Point ID (7 1)

generate netlist...
Begin Incremental Netlisting May 17 20:57:43 2016
End netlisting May 17 20:57:43 2016

	The netlist is up to date.
	Time taken to compare the design with netlist:   0.0s
      ...successful.
compose simulator input file...
      ...successful.

*Info*    Running simulation on testbench [
          RF_FrontEnd:Tia4_biasing_8:1 ] for Point ID (7 1).

Delete psf data in /home/pancha/simulation/RF_FrontEnd/Tia4_biasing_8/adexl/results/data/Interactive.1/1/RF_FrontEnd:Tia4_biasing_8:1/psf.
compose simulator input file...
      ...successful.
start simulator if needed...
      ...successful.
simulate...
To view the simulator output, right-click on the test name, result 
name, or any value in the "Results" tab of the Outputs section and 
choose "Output Log" menu option.
INFO (ADE-3067): Errors encountered during simulation. For more information, right-click
        on a test name in the 'Results' tab of the Outputs pane and choose 'Output Log'
        to view the simulation run log.

*Error*   Error ID  = 5011
*Error*   Error Msg = Simulator failed to complete the simulation.

          Error found by spectre during circuit read-in.
Error found
          by spectre during circuit read-in.
ERROR (SFE-23):
          "input.scs" 21: The instance `M12q' is referencing an
          undefined model or subcircuit, `pmos_hs'. Either include
          the file containing the
 definition of `pmos_hs', or define
          `pmos_hs' before running the simulation.
ERROR (SFE-23):
          "input.scs" 23: The instance `M13' is referencing an
          undefined model or subcircuit, `pmos_hs'. Either include
          the file containing the 
definition of `pmos_hs', or define
          `pmos_hs' before running the simulation.
ERROR (SFE-23):
          "input.scs" 25: The instance `M6' is referencing an
          undefined model or subcircuit, `pmos_hs'. Either include
          the file containing the d
efinition of `pmos_hs', or define
          `pmos_hs' before running the simulation.
ERROR (SFE-23):
          "input.scs" 28: The instance `M2' is referencing an
          undefined model or subcircuit, `pmos_hs'. Either include
          the file containing the d
efinition of `pmos_hs', or define
          `pmos_hs' before running the simulation.
ERROR (SFE-23):
          "input.scs" 30: The instance `M1' is referencing an
          undefined model or subcircuit, `pmos_hs'. Either include
          the file containing the d
efinition of `pmos_hs', or define
          `pmos_hs' before running the simulation.
ERROR (SFE-23):
          "input.scs" 32: The instance `M11' is referencing an
          undefined model or subcircuit, `pmos_hs'. Either include
          the file containing the 
definition of `pmos_hs', or define
          `pmos_hs' before running the simulation.
ERROR (SFE-23):
          "input.scs" 34: The instance `M4' is referencing an
          undefined model or subcircuit, `pmos_hs'. Either include
          the file containing the d
efinition of `pmos_hs', or define
          `pmos_hs' before running the simulation.
ERROR (SFE-23):
          "input.scs" 36: The instance `M7' is referencing an
          undefined model or subcircuit, `pmos_hs'. Either include
          the file containing the d
efinition of `pmos_hs', or define
          `pmos_hs' before running the simulation.
ERROR (SFE-23):
          "input.scs" 38: The instance `M7q' is referencing an
          undefined model or subcircuit, `nmos_hs'. Either include
          the file containing the 
definition of `nmos_hs', or define
          `nmos_hs' before running the simulation.
ERROR (SFE-23):
          "input.scs" 40: The instance `M9' is referencing an
          undefined model or subcircuit, `nmos_hs'. Either include
          the file containing the d
efinition of `nmos_hs', or define
          `nmos_hs' before running the simulation.
ERROR (SFE-23):
          "input.scs" 42: The instance `M8' is referencing an
          undefined model or subcircuit, `nmos_hs'. Either include
          the file containing the d
efinition of `nmos_hs', or define
          `nmos_hs' before running the simulation.
ERROR (SFE-23):
          "input.scs" 45: The instance `M0' is referencing an
          undefined model or subcircuit, `nmos_hs'. Either include
          the file containing the d
efinition of `nmos_hs', or define
          `nmos_hs' before running the simulation.










*Info*    Run start for Point ID (7 1) on testbench [
          RF_FrontEnd:Tia4_biasing_8:1 ].

Resetting statistical vars

*Info*    Setting parameter values ...

Setting var Cdecap = "3.55p"
Setting var Cload = "2p"
Setting var Cph = "2.47p"
Setting var Freq = "2M"
Setting var ID1 = "30u"
Setting var ID2 = "120u"
Setting var Ipeak = "0"
Setting var L1 = "1u"
Setting var Lp2 = "500n"
Setting var R1 = "2.7K"
Setting var Rph = "1K"
Setting var VDD = "1.8"
Setting var Wn1 = "10u"
Setting var Wp1 = "10u"
Setting var Wp2 = "20u"
Setting temp(T) = 27
Setting var vgsn1 = "291m"
Setting var vgsp2 = "685m"

*Info*    Netlist Directory =
          /home/pancha/simulation/RF_FrontEnd/Tia4_biasing_8/adexl/results/data/Interactive.1/1/RF_FrontEnd:Tia4_biasing_8:1/netlist


*Info*    Data Directory    =
          /home/pancha/simulation/RF_FrontEnd/Tia4_biasing_8/adexl/results/data/Interactive.1/1/RF_FrontEnd:Tia4_biasing_8:1


*Info*    Creating Netlist for Point ID (7 1)

generate netlist...
Begin Incremental Netlisting May 17 20:57:44 2016
End netlisting May 17 20:57:44 2016

	The netlist is up to date.
	Time taken to compare the design with netlist:   0.0s
      ...successful.
compose simulator input file...
      ...successful.

*Info*    Running simulation on testbench [
          RF_FrontEnd:Tia4_biasing_8:1 ] for Point ID (7 1).

Delete psf data in /home/pancha/simulation/RF_FrontEnd/Tia4_biasing_8/adexl/results/data/Interactive.1/1/RF_FrontEnd:Tia4_biasing_8:1/psf.
compose simulator input file...
      ...successful.
start simulator if needed...
      ...successful.
simulate...
To view the simulator output, right-click on the test name, result 
name, or any value in the "Results" tab of the Outputs section and 
choose "Output Log" menu option.
INFO (ADE-3067): Errors encountered during simulation. For more information, right-click
        on a test name in the 'Results' tab of the Outputs pane and choose 'Output Log'
        to view the simulation run log.

*Error*   Error ID  = 5011
*Error*   Error Msg = Simulator failed to complete the simulation.

          Error found by spectre during circuit read-in.
Error found
          by spectre during circuit read-in.
ERROR (SFE-23):
          "input.scs" 21: The instance `M12q' is referencing an
          undefined model or subcircuit, `pmos_hs'. Either include
          the file containing the
 definition of `pmos_hs', or define
          `pmos_hs' before running the simulation.
ERROR (SFE-23):
          "input.scs" 23: The instance `M13' is referencing an
          undefined model or subcircuit, `pmos_hs'. Either include
          the file containing the 
definition of `pmos_hs', or define
          `pmos_hs' before running the simulation.
ERROR (SFE-23):
          "input.scs" 25: The instance `M6' is referencing an
          undefined model or subcircuit, `pmos_hs'. Either include
          the file containing the d
efinition of `pmos_hs', or define
          `pmos_hs' before running the simulation.
ERROR (SFE-23):
          "input.scs" 28: The instance `M2' is referencing an
          undefined model or subcircuit, `pmos_hs'. Either include
          the file containing the d
efinition of `pmos_hs', or define
          `pmos_hs' before running the simulation.
ERROR (SFE-23):
          "input.scs" 30: The instance `M1' is referencing an
          undefined model or subcircuit, `pmos_hs'. Either include
          the file containing the d
efinition of `pmos_hs', or define
          `pmos_hs' before running the simulation.
ERROR (SFE-23):
          "input.scs" 32: The instance `M11' is referencing an
          undefined model or subcircuit, `pmos_hs'. Either include
          the file containing the 
definition of `pmos_hs', or define
          `pmos_hs' before running the simulation.
ERROR (SFE-23):
          "input.scs" 34: The instance `M4' is referencing an
          undefined model or subcircuit, `pmos_hs'. Either include
          the file containing the d
efinition of `pmos_hs', or define
          `pmos_hs' before running the simulation.
ERROR (SFE-23):
          "input.scs" 36: The instance `M7' is referencing an
          undefined model or subcircuit, `pmos_hs'. Either include
          the file containing the d
efinition of `pmos_hs', or define
          `pmos_hs' before running the simulation.
ERROR (SFE-23):
          "input.scs" 38: The instance `M7q' is referencing an
          undefined model or subcircuit, `nmos_hs'. Either include
          the file containing the 
definition of `nmos_hs', or define
          `nmos_hs' before running the simulation.
ERROR (SFE-23):
          "input.scs" 40: The instance `M9' is referencing an
          undefined model or subcircuit, `nmos_hs'. Either include
          the file containing the d
efinition of `nmos_hs', or define
          `nmos_hs' before running the simulation.
ERROR (SFE-23):
          "input.scs" 42: The instance `M8' is referencing an
          undefined model or subcircuit, `nmos_hs'. Either include
          the file containing the d
efinition of `nmos_hs', or define
          `nmos_hs' before running the simulation.
ERROR (SFE-23):
          "input.scs" 45: The instance `M0' is referencing an
          undefined model or subcircuit, `nmos_hs'. Either include
          the file containing the d
efinition of `nmos_hs', or define
          `nmos_hs' before running the simulation.





Simulation design variables differ from those on the cellView,
they have been saved in the file "/tmp/saved-design-variables".
To save future changes, copy variables to cellView before exiting.
